(---------------------------------------------------------------------)
(                                                                     )
(    Auto Silkscreen Log File                                         )
(                                                                     )
(    Drawing          : bbear_balance_car_motor.brd                   )
(    Software Version : 16.6P004                                      )
(    Date/Time        : Thu Feb 16 21:17:31 2017                      )
(                                                                     )
(---------------------------------------------------------------------)


Generating Auto Silkscreen for both sides of the board.

Copying all elements.

Element to Pad clearance is 0.00
Max Text displacement is 100.00
Min Line Length is 0.00
Allowing 0 degree text rotation.
Text Allowed Under Components.
Subclass Selections:
 Board Geometry       : None
 Component Value      : None
 Device Type          : None
 Package Geometry     : Silkscreen
 Reference Designator : Silkscreen
 Tolerance            : None
 User Part Number     : None


     ----- Top Silkscreen -----

Text string 'R2' is not at a suitable location
(location: 611.00, 115.42)

     ----- Bottom Silkscreen -----


Total Failures: 1

Log End

