(---------------------------------------------------------------------)
(                                                                     )
(    Auto Silkscreen Log File                                         )
(                                                                     )
(    Drawing          : BBear_balance_carv2_0.brd                     )
(    Software Version : 16.6P004                                      )
(    Date/Time        : Tue Feb 14 22:18:48 2017                      )
(                                                                     )
(---------------------------------------------------------------------)


Generating Auto Silkscreen for both sides of the board.

Copying all elements.

Element to Pad clearance is 0.00
Max Text displacement is 100.00
Min Line Length is 0.00
Allowing 0 degree text rotation.
Text Allowed Under Components.
Subclass Selections:
 Board Geometry       : None
 Component Value      : None
 Device Type          : None
 Package Geometry     : Silkscreen
 Reference Designator : Silkscreen
 Tolerance            : None
 User Part Number     : None


     ----- Top Silkscreen -----

Text string 'U17' is not at a suitable location
(location: -302.00, -364.00)
Text string 'U13' is not at a suitable location
(location: -40.00, 360.00)
Text string 'R8' is not at a suitable location
(location: 132.00, 421.00)
Text string 'R7' is not at a suitable location
(location: -808.00, -179.00)
Text string 'C11' is not at a suitable location
(location: 401.00, 175.00)
Text string 'R1' is not at a suitable location
(location: 136.00, 282.00)
Text string 'C12' is not at a suitable location
(location: -596.00, -236.00)
Text string 'U6' is not at a suitable location
(location: 370.00, 384.00)
Text string 'U2' is not at a suitable location
(location: -65.00, 496.00)
Text string 'U18' is not at a suitable location
(location: -142.00, 198.00)
Text string 'U4' is not at a suitable location
(location: 785.00, 496.00)
Text string 'U3' is not at a suitable location
(location: 226.00, 0.00)

     ----- Bottom Silkscreen -----

Text string 'R6' is not at a suitable location
(location: 423.00, 215.00)
Text string 'LED1' is not at a suitable location
(location: 423.00, 137.00)

Total Failures: 14

Log End

