#
# Property of Cadence Design Systems, Inc.  All rights reserved.
#
# $Header: pcp_rep_view.txt.v 1.1 12/14/87 ddd Prealpha 
#
# File: pcp_rep_view.txt - Component data extract cmd file for 
#				placed component list report
#
# Revision history:
#	(1.01) jds  3/20/91	Use SYM_NAME not COMP_PACKAGE (alt symbols)
#	(1.00) ddd 12/14/87	Initial version
#
#
COMPONENT
#
# Extract: refdes(sort), refdes, device_type, value, tolerance,
# 	  package, x, y, angle, mirror.
#  Placed only:
SYM_X != ''
#
REFDES_SORT
REFDES
COMP_DEVICE_TYPE
COMP_VALUE
COMP_TOL
SYM_NAME
SYM_X
SYM_Y
SYM_ROTATE
SYM_MIRROR
#
# end of pcp_rep_view
#
