(---------------------------------------------------------------------)
(                                                                     )
(    QUICKPLACE LOG                                                   )
(                                                                     )
(    Drawing          : BBear_balance_car.brd                         )
(    Software Version : 16.6P004                                      )
(    Date/Time        : Wed Oct 12 21:39:59 2016                      )
(                                                                     )
(---------------------------------------------------------------------)


State: Placing on layer TOP

         Placed symbol:  U1 / STM32F103C8T6_NCU100_LQFP_48_ST / NCU100_LQFP_48 at (-881.37 718.63)
         Placed symbol:  S2 / CON8_CON8_MPU6050 / CON8 at (-607.74 1245.40)
         Placed symbol:  K1 / KEY-4_BUTTON_6X6X5_KEY-4 / BUTTON_6X6X5 at (-351.94 646.00)
         Placed symbol:  L1 / LM1117_LM1117_3_3_LM1117 / LM1117_3_3 at (-105.14 536.00)
         Placed symbol:  U4 / CON4_CON4_CON4 / CON4 at (236.86 854.85)
         Placed symbol:  S1 / SPX1117_5_SOT223_SPX1117 / SOT223 at (429.86 678.00)
         Placed symbol:  U5 / CON4_CON4_SWD / CON4 at (622.86 854.85)
         Placed symbol:  U3 / CON3_CON3_BOOT1 / CON3 at (740.86 765.48)
         Placed symbol:  I5 / IRF4905_CON3_IRF4905 / CON3 at (858.86 765.48)
         Placed symbol:  I6 / IRF4905_CON3_IRF4905 / CON3 at (976.86 765.48)
         Placed symbol:  I8 / IRL3205_CON3_IRF3205 / CON3 at (1163.00 434.52)
         Placed symbol:  U2 / CON3_CON3_BOOT0 / CON3 at (1163.00 111.56)
         Placed symbol:  I2 / IRF4905_CON3_IRF4905 / CON3 at (1163.00 -211.40)
         Placed symbol:  I4 / IRL3205_CON3_IRF3205 / CON3 at (-1163.00 434.52)
         Placed symbol:  I1 / IRF4905_CON3_IRF4905 / CON3 at (-1163.00 111.56)
         Placed symbol:  I3 / IRL3205_CON3_IRF3205 / CON3 at (-1163.00 -211.40)
         Placed symbol:  I7 / IRL3205_CON3_IRF3205 / CON3 at (-1037.00 1548.28)
         Placed symbol:  C7 / CAP_C-0805_4.7UF / C-0805 at (-911.01 1329.19)
         Placed symbol:  LED1 / LED_C-0805_HEARTLED / C-0805 at (-777.03 1329.19)
         Placed symbol:  C8 / CAP_C-0805_1UF / C-0805 at (-643.05 1329.19)
         Placed symbol:  C13 / CAP_C-0805_10UF / C-0805 at (-509.07 1329.19)
         Placed symbol:  C10 / CAP_C-0805_22PF / C-0805 at (-375.09 1329.19)
         Placed symbol:  C5 / CAP_C-0805_0.1UF / C-0805 at (-241.11 1329.19)
         Placed symbol:  C2 / CAP_C-0805_4.7UF / C-0805 at (-107.13 1329.19)
         Placed symbol:  C14 / CON2_CON2_R2_54_POWER / CON2_R2_54 at (18.86 1461.04)
         Placed symbol:  C4 / CAP_C-0805_0.1UF / C-0805 at (144.85 1329.19)
         Placed symbol:  R1 / R_C-0805_10K / C-0805 at (278.83 1329.19)
         Placed symbol:  R2 / R_C-0805_10K / C-0805 at (412.81 1329.19)
         Placed symbol:  R5 / R_C-0805_10K / C-0805 at (546.79 1329.19)
         Placed symbol:  R7 / R_C-0805_10K / C-0805 at (680.77 1329.19)
         Placed symbol:  R10 / R_C-0805_1K / C-0805 at (814.75 1329.19)
         Placed symbol:  R11 / R_C-0805_1K / C-0805 at (948.73 1329.19)
         Placed symbol:  R3 / R_C-0805_51R / C-0805 at (1288.99 453.61)
         Placed symbol:  R4 / R_C-0805_51R / C-0805 at (1288.99 368.83)
         Placed symbol:  R8 / R_C-0805_51R / C-0805 at (1288.99 284.05)
         Placed symbol:  R9 / R_C-0805_51R / C-0805 at (1288.99 199.27)
         Placed symbol:  R6 / R_C-0805_15K / C-0805 at (1288.99 114.49)
         Placed symbol:  C3 / CAP_C-0805_0.1UF / C-0805 at (1288.99 29.71)
         Placed symbol:  C11 / CON2_C-0805_CON2 / C-0805 at (1288.99 -55.07)
         Placed symbol:  C6 / CAP_C-0805_0.1UF / C-0805 at (1288.99 -139.85)
         Placed symbol:  LED2 / LED_C-0805_POWER / C-0805 at (1288.99 -224.63)
         Placed symbol:  C9 / CAP_C-0805_22PF / C-0805 at (1288.99 -309.41)
         Placed symbol:  C12 / CAP_C-0805_0.1UF / C-0805 at (1288.99 -394.19)
         Placed symbol:  C1 / CON2_C-0805_CON2 / C-0805 at (-1288.99 453.61)
         Placed symbol:  X1 / XTAL_XTAL_XTAL / XTAL at (-1460.25 358.01)


Placed 45 of 45 applicable (45 total) symbols.

-----------------------------------------------------------------------

