(---------------------------------------------------------------------)
(                                                                     )
(    NC DRILL Log                                                     )
(                                                                     )
(    Drawing          : #Taaaaju09292.tmp                             )
(    Software Version : 16.6P004                                      )
(    Date/Time        : Fri Oct 14 00:04:47 2016                      )
(                                                                     )
(---------------------------------------------------------------------)



 Processing NC Parameters file 'nc_param.txt' ...

 NC PARAMETERS
 -------------

 FORMAT   		2.5
 MACHINE-OFFSET		x:0.000000	y:0.000000
 FEEDRATE		1
 COORDINATES		ABSOLUTE
 OUTPUT-UNITS		ENGLISH
 TOOL-ORDER		INCREASING
 REPEAT-CODES		YES
 SUPPRESS-LEAD-ZEROES	NO
 SUPPRESS-TRAIL-ZEROES	NO
 SUPPRESS-EQUAL		NO
 TOOL-SELECT		NO
 HEADER			none
 LEADER			12
 CODE			ASCII
 SEPARATE		NO
 SEPARATE-ROUTING	NO
 OPTIMIZE_DRILLING	NO
 ENHANCED_EXCELLON	NO
 SCALE			1.000000

 WARNING(SPMHMF-358): Design precision is the same as that of the drill output file data.
 WARNING(SPMHMF-359): Data rounding errors may still be possible.


 Drill files being output to directory 'E:/«∂»Î Ω/git/PCB/board' ...



     'BBear_balance_car-1-2.drl' created for holes connecting TOP and BOTTOM
     -----------------------------------------------------------------------

           Num     Size      +/- Tolerance     Plating   Quantity

            1.  13.0000    0.0000/  0.0000      PLATED         54
            2.  39.3700    0.0000/  0.0000      PLATED         48
            3.  43.3000    0.0000/  0.0000      PLATED          2
            4.  49.0000    0.0000/  0.0000      PLATED          2
            5.  58.0000    0.0000/  0.0000      PLATED          2

     ---- Total holes:                                        108

     ---- Total head travel:              3.18 feet (0.97 meters)

